2025-03-19 08:40:38,513 [INFO] 자동학습 시작: cisco
2025-03-19 08:40:38,529 [INFO] cisco 벤더 자동학습 완료: c:\pythoncode\network_automation\data\learning\cisco\cisco_commands.json
2025-03-19 08:45:46,550 [INFO] 조회된 장비 수: 0
2025-03-19 08:45:46,555 [INFO] 조회된 장비 수: 0
2025-03-19 08:46:15,674 [INFO] 자동학습 시작: cisco
2025-03-19 08:46:15,685 [INFO] cisco 벤더 자동학습 완료: c:\pythoncode\network_automation\data\learning\cisco\cisco_commands.json
2025-03-19 08:46:21,963 [INFO] 자동학습 시작: juniper
2025-03-19 08:46:21,968 [INFO] juniper 벤더 자동학습 완료: c:\pythoncode\network_automation\data\learning\juniper\juniper_commands.json
2025-03-19 08:47:46,642 [INFO] 조회된 장비 수: 0
2025-03-19 08:47:46,647 [INFO] 조회된 장비 수: 0
2025-03-19 08:47:52,706 [INFO] 조회된 장비 수: 0
2025-03-19 08:47:52,710 [INFO] 조회된 장비 수: 0
2025-03-19 08:49:41,457 [INFO] 조회된 장비 수: 0
2025-03-19 08:57:13,585 [INFO] 조회된 장비 수: 0
2025-03-19 08:57:14,309 [INFO] 조회된 장비 수: 0
2025-03-19 08:58:21,807 [INFO] 조회된 장비 수: 0
2025-03-19 08:58:31,514 [INFO] 조회된 장비 수: 0
2025-03-19 08:59:03,007 [INFO] 자동학습 시작: cisco
2025-03-19 08:59:03,009 [INFO] cisco 벤더 자동학습 완료: c:\pythoncode\network_automation\data\learning\cisco\cisco_commands.json
2025-03-19 08:59:34,872 [INFO] 조회된 장비 수: 0
2025-03-19 09:00:02,790 [INFO] 조회된 장비 수: 0
2025-03-19 09:02:05,182 [INFO] 조회된 장비 수: 0
2025-03-19 09:07:36,404 [INFO] 디렉토리 확인: C:\pythoncode\network_automation\data
2025-03-19 09:07:36,405 [INFO] 디렉토리 확인: C:\pythoncode\network_automation\data\devices
2025-03-19 09:07:36,405 [INFO] 디렉토리 확인: C:\pythoncode\network_automation\data\scripts
2025-03-19 09:07:36,405 [INFO] 디렉토리 확인: C:\pythoncode\network_automation\data\learning
2025-03-19 09:07:36,407 [INFO] devices.json 파일 생성됨: C:\pythoncode\network_automation\data\devices\devices.json
2025-03-19 09:07:47,259 [INFO] 장비 목록 저장 완료
2025-03-19 09:10:02,011 [INFO] 디렉토리 확인: C:\pythoncode\network_automation\data
2025-03-19 09:10:02,011 [INFO] 디렉토리 확인: C:\pythoncode\network_automation\data\devices
2025-03-19 09:10:02,012 [INFO] 디렉토리 확인: C:\pythoncode\network_automation\data\scripts
2025-03-19 09:10:02,012 [INFO] 디렉토리 확인: C:\pythoncode\network_automation\data\learning
2025-03-19 09:12:17,030 [INFO] 디렉토리 확인: C:\pythoncode\network_automation\data
2025-03-19 09:12:17,031 [INFO] 디렉토리 확인: C:\pythoncode\network_automation\data\devices
2025-03-19 09:12:17,031 [INFO] 디렉토리 확인: C:\pythoncode\network_automation\data\scripts
2025-03-19 09:12:17,031 [INFO] 디렉토리 확인: C:\pythoncode\network_automation\data\learning
2025-03-19 09:12:38,386 [INFO] 장비 스크립트 디렉토리 삭제됨: C:\pythoncode\network_automation\data\scripts\test-switch1
2025-03-19 09:12:38,389 [INFO] 장비 목록 저장 완료
2025-03-19 09:12:51,079 [INFO] 장비 목록 저장 완료
2025-03-19 09:12:58,473 [INFO] 장비 목록 저장 완료
2025-03-19 09:13:24,550 [INFO] 장비 목록 저장 완료
2025-03-19 09:17:17,523 [INFO] 디렉토리 확인: C:\pythoncode\network_automation\data
2025-03-19 09:17:17,523 [INFO] 디렉토리 확인: C:\pythoncode\network_automation\data\devices
2025-03-19 09:17:17,523 [INFO] 디렉토리 확인: C:\pythoncode\network_automation\data\scripts
2025-03-19 09:17:17,524 [INFO] 디렉토리 확인: C:\pythoncode\network_automation\data\learning
2025-03-19 09:17:35,108 [INFO] 장비 목록 저장 완료
2025-03-19 09:17:51,312 [INFO] 장비 목록 저장 완료
2025-03-19 09:26:56,065 [INFO] 디렉토리 확인: C:\pythoncode\network_automation\data
2025-03-19 09:26:56,066 [INFO] 디렉토리 확인: C:\pythoncode\network_automation\data\devices
2025-03-19 09:26:56,066 [INFO] 디렉토리 확인: C:\pythoncode\network_automation\data\scripts
2025-03-19 09:26:56,066 [INFO] 디렉토리 확인: C:\pythoncode\network_automation\data\learning
2025-03-19 09:29:07,315 [INFO] 디렉토리 확인: C:\pythoncode\network_automation\data
2025-03-19 09:29:07,316 [INFO] 디렉토리 확인: C:\pythoncode\network_automation\data\devices
2025-03-19 09:29:07,316 [INFO] 디렉토리 확인: C:\pythoncode\network_automation\data\scripts
2025-03-19 09:29:07,316 [INFO] 디렉토리 확인: C:\pythoncode\network_automation\data\learning
2025-03-19 09:45:58,951 [INFO] 디렉토리 확인: C:\pythoncode\network_automation\data
2025-03-19 09:45:58,952 [INFO] 디렉토리 확인: C:\pythoncode\network_automation\data\devices
2025-03-19 09:45:58,953 [INFO] 디렉토리 확인: C:\pythoncode\network_automation\data\scripts
2025-03-19 09:45:58,953 [INFO] 디렉토리 확인: C:\pythoncode\network_automation\data\learning
2025-03-19 09:46:21,177 [ERROR] 스크립트 생성 오류: name 'generate_routing_script' is not defined
2025-03-19 09:55:37,405 [INFO] 디렉토리 확인: c:\pythoncode\network_automation\data
2025-03-19 09:55:37,405 [INFO] 디렉토리 확인: C:\pythoncode\network_automation\data\devices
2025-03-19 09:55:37,405 [INFO] 디렉토리 확인: c:\pythoncode\network_automation\data\scripts
2025-03-19 09:55:37,405 [INFO] 디렉토리 확인: c:\pythoncode\network_automation\data\learning
2025-03-19 09:55:56,192 [ERROR] 벤더 명령어 로드 오류: Expecting ',' delimiter: line 22 column 9 (char 774)
2025-03-19 09:56:13,122 [INFO] 자동학습 시작: handreamnet
2025-03-19 09:56:13,126 [INFO] handreamnet 벤더 자동학습 완료: c:\pythoncode\network_automation\data\learning\handreamnet\handreamnet_commands.json
2025-03-19 09:56:17,259 [ERROR] 벤더 명령어 로드 오류: Expecting ',' delimiter: line 22 column 9 (char 774)
2025-03-19 09:58:35,059 [ERROR] 벤더 명령어 로드 오류: Expecting ',' delimiter: line 22 column 9 (char 774)
2025-03-19 09:58:43,089 [INFO] 자동학습 시작: handreamnet
2025-03-19 09:58:43,097 [INFO] handreamnet 벤더 자동학습 완료: c:\pythoncode\network_automation\data\learning\handreamnet\handreamnet_commands.json
2025-03-19 09:58:46,206 [ERROR] 벤더 명령어 로드 오류: Expecting ',' delimiter: line 22 column 9 (char 774)
2025-03-19 10:03:00,251 [ERROR] 학습 데이터 초기화 오류: Expecting ',' delimiter: line 22 column 9 (char 774)
2025-03-19 10:03:12,762 [INFO] 자동학습 시작: handreamnet
2025-03-19 10:03:12,764 [INFO] handreamnet 벤더 자동학습 완료: c:\pythoncode\network_automation\data\learning\handreamnet\handreamnet_commands.json
2025-03-19 10:03:22,385 [ERROR] 벤더 명령어 로드 오류: Expecting ',' delimiter: line 22 column 9 (char 774)
2025-03-19 10:03:22,385 [ERROR] vlan 스크립트 생성 중 오류
Traceback (most recent call last):
  File "c:\pythoncode\network_automation\app.py", line 1779, in generate_config_script
    script_lines.extend(generate_vlan_commands(params, task_templates))
                        ^^^^^^^^^^^^^^^^^^^^^^^^^^^^^^^^^^^^^^^^^^^^^^
  File "c:\pythoncode\network_automation\app.py", line 1810, in generate_vlan_commands
    commands.append(name_template.format(vlan_name=vlan_name))
                    ^^^^^^^^^^^^^^^^^^^^^^^^^^^^^^^^^^^^^^^^^
KeyError: 'vlan_id'
2025-03-19 10:03:22,388 [ERROR] 스크립트 생성 중 오류 발생
Traceback (most recent call last):
  File "c:\pythoncode\network_automation\app.py", line 1779, in generate_config_script
    script_lines.extend(generate_vlan_commands(params, task_templates))
                        ^^^^^^^^^^^^^^^^^^^^^^^^^^^^^^^^^^^^^^^^^^^^^^
  File "c:\pythoncode\network_automation\app.py", line 1810, in generate_vlan_commands
    commands.append(name_template.format(vlan_name=vlan_name))
                    ^^^^^^^^^^^^^^^^^^^^^^^^^^^^^^^^^^^^^^^^^
KeyError: 'vlan_id'

During handling of the above exception, another exception occurred:

Traceback (most recent call last):
  File "c:\pythoncode\network_automation\app.py", line 1751, in generate_script
    script = generate_config_script(task_type, params, vendor_templates)
             ^^^^^^^^^^^^^^^^^^^^^^^^^^^^^^^^^^^^^^^^^^^^^^^^^^^^^^^^^^^
  File "c:\pythoncode\network_automation\app.py", line 1793, in generate_config_script
    raise ValueError(f'스크립트 생성 오류: {str(e)}')
ValueError: 스크립트 생성 오류: 'vlan_id'
2025-03-19 10:09:08,956 [ERROR] 학습 데이터 초기화 오류: Expecting ',' delimiter: line 22 column 9 (char 774)
2025-03-19 10:10:27,212 [ERROR] 벤더 명령어 로드 오류: Expecting ',' delimiter: line 22 column 9 (char 774)
2025-03-19 10:10:27,212 [ERROR] 템플릿 키 오류: 'vlan_id'
2025-03-19 10:10:27,212 [ERROR] vlan 스크립트 생성 중 오류
Traceback (most recent call last):
  File "c:\pythoncode\network_automation\app.py", line 1922, in generate_vlan_commands
    commands.append(name_template.format(vlan_name=vlan_name))
                    ^^^^^^^^^^^^^^^^^^^^^^^^^^^^^^^^^^^^^^^^^
KeyError: 'vlan_id'

During handling of the above exception, another exception occurred:

Traceback (most recent call last):
  File "c:\pythoncode\network_automation\app.py", line 1874, in generate_config_script
    script_lines.extend(generate_vlan_commands(params, task_templates))
                        ^^^^^^^^^^^^^^^^^^^^^^^^^^^^^^^^^^^^^^^^^^^^^^
  File "c:\pythoncode\network_automation\app.py", line 1962, in generate_vlan_commands
    raise ValueError(f'필요한 명령어 템플릿이 없습니다: {str(e)}')
ValueError: 필요한 명령어 템플릿이 없습니다: 'vlan_id'
2025-03-19 10:10:27,214 [ERROR] 스크립트 생성 중 오류 발생
Traceback (most recent call last):
  File "c:\pythoncode\network_automation\app.py", line 1922, in generate_vlan_commands
    commands.append(name_template.format(vlan_name=vlan_name))
                    ^^^^^^^^^^^^^^^^^^^^^^^^^^^^^^^^^^^^^^^^^
KeyError: 'vlan_id'

During handling of the above exception, another exception occurred:

Traceback (most recent call last):
  File "c:\pythoncode\network_automation\app.py", line 1874, in generate_config_script
    script_lines.extend(generate_vlan_commands(params, task_templates))
                        ^^^^^^^^^^^^^^^^^^^^^^^^^^^^^^^^^^^^^^^^^^^^^^
  File "c:\pythoncode\network_automation\app.py", line 1962, in generate_vlan_commands
    raise ValueError(f'필요한 명령어 템플릿이 없습니다: {str(e)}')
ValueError: 필요한 명령어 템플릿이 없습니다: 'vlan_id'

During handling of the above exception, another exception occurred:

Traceback (most recent call last):
  File "c:\pythoncode\network_automation\app.py", line 1846, in generate_script
    script = generate_config_script(task_type, params, vendor_templates)
             ^^^^^^^^^^^^^^^^^^^^^^^^^^^^^^^^^^^^^^^^^^^^^^^^^^^^^^^^^^^
  File "c:\pythoncode\network_automation\app.py", line 1888, in generate_config_script
    raise ValueError(f'스크립트 생성 오류: {str(e)}')
ValueError: 스크립트 생성 오류: 필요한 명령어 템플릿이 없습니다: 'vlan_id'
2025-03-19 10:14:56,499 [ERROR] 학습 데이터 초기화 오류: Expecting ',' delimiter: line 22 column 9 (char 774)
2025-03-19 10:15:13,991 [ERROR] 벤더 명령어 로드 오류: Expecting ',' delimiter: line 22 column 9 (char 774)
2025-03-19 10:15:13,992 [ERROR] 템플릿 키 오류: 'vlan_id'
2025-03-19 10:15:13,992 [ERROR] vlan 스크립트 생성 중 오류
Traceback (most recent call last):
  File "c:\pythoncode\network_automation\app.py", line 1925, in generate_vlan_commands
    commands.append(name_template.format(vlan_name=vlan_name))
                    ^^^^^^^^^^^^^^^^^^^^^^^^^^^^^^^^^^^^^^^^^
KeyError: 'vlan_id'

During handling of the above exception, another exception occurred:

Traceback (most recent call last):
  File "c:\pythoncode\network_automation\app.py", line 1877, in generate_config_script
    script_lines.extend(generate_vlan_commands(params, task_templates))
                        ^^^^^^^^^^^^^^^^^^^^^^^^^^^^^^^^^^^^^^^^^^^^^^
  File "c:\pythoncode\network_automation\app.py", line 1965, in generate_vlan_commands
    raise ValueError(f'필요한 명령어 템플릿이 없습니다: {str(e)}')
ValueError: 필요한 명령어 템플릿이 없습니다: 'vlan_id'
2025-03-19 10:15:13,997 [ERROR] 스크립트 생성 중 오류 발생
Traceback (most recent call last):
  File "c:\pythoncode\network_automation\app.py", line 1925, in generate_vlan_commands
    commands.append(name_template.format(vlan_name=vlan_name))
                    ^^^^^^^^^^^^^^^^^^^^^^^^^^^^^^^^^^^^^^^^^
KeyError: 'vlan_id'

During handling of the above exception, another exception occurred:

Traceback (most recent call last):
  File "c:\pythoncode\network_automation\app.py", line 1877, in generate_config_script
    script_lines.extend(generate_vlan_commands(params, task_templates))
                        ^^^^^^^^^^^^^^^^^^^^^^^^^^^^^^^^^^^^^^^^^^^^^^
  File "c:\pythoncode\network_automation\app.py", line 1965, in generate_vlan_commands
    raise ValueError(f'필요한 명령어 템플릿이 없습니다: {str(e)}')
ValueError: 필요한 명령어 템플릿이 없습니다: 'vlan_id'

During handling of the above exception, another exception occurred:

Traceback (most recent call last):
  File "c:\pythoncode\network_automation\app.py", line 1849, in generate_script
    script = generate_config_script(task_type, params, vendor_templates)
             ^^^^^^^^^^^^^^^^^^^^^^^^^^^^^^^^^^^^^^^^^^^^^^^^^^^^^^^^^^^
  File "c:\pythoncode\network_automation\app.py", line 1891, in generate_config_script
    raise ValueError(f'스크립트 생성 오류: {str(e)}')
ValueError: 스크립트 생성 오류: 필요한 명령어 템플릿이 없습니다: 'vlan_id'
2025-03-19 10:15:29,437 [INFO] 자동학습 시작: handreamnet
2025-03-19 10:15:29,442 [INFO] handreamnet 벤더 자동학습 완료: c:\pythoncode\network_automation\data\learning\handreamnet\handreamnet_commands.json
2025-03-19 10:15:32,953 [ERROR] 벤더 명령어 로드 오류: Expecting ',' delimiter: line 22 column 9 (char 774)
2025-03-19 10:15:32,953 [ERROR] 템플릿 키 오류: 'vlan_id'
2025-03-19 10:15:32,953 [ERROR] vlan 스크립트 생성 중 오류
Traceback (most recent call last):
  File "c:\pythoncode\network_automation\app.py", line 1925, in generate_vlan_commands
    commands.append(name_template.format(vlan_name=vlan_name))
                    ^^^^^^^^^^^^^^^^^^^^^^^^^^^^^^^^^^^^^^^^^
KeyError: 'vlan_id'

During handling of the above exception, another exception occurred:

Traceback (most recent call last):
  File "c:\pythoncode\network_automation\app.py", line 1877, in generate_config_script
    script_lines.extend(generate_vlan_commands(params, task_templates))
                        ^^^^^^^^^^^^^^^^^^^^^^^^^^^^^^^^^^^^^^^^^^^^^^
  File "c:\pythoncode\network_automation\app.py", line 1965, in generate_vlan_commands
    raise ValueError(f'필요한 명령어 템플릿이 없습니다: {str(e)}')
ValueError: 필요한 명령어 템플릿이 없습니다: 'vlan_id'
2025-03-19 10:15:32,953 [ERROR] 스크립트 생성 중 오류 발생
Traceback (most recent call last):
  File "c:\pythoncode\network_automation\app.py", line 1925, in generate_vlan_commands
    commands.append(name_template.format(vlan_name=vlan_name))
                    ^^^^^^^^^^^^^^^^^^^^^^^^^^^^^^^^^^^^^^^^^
KeyError: 'vlan_id'

During handling of the above exception, another exception occurred:

Traceback (most recent call last):
  File "c:\pythoncode\network_automation\app.py", line 1877, in generate_config_script
    script_lines.extend(generate_vlan_commands(params, task_templates))
                        ^^^^^^^^^^^^^^^^^^^^^^^^^^^^^^^^^^^^^^^^^^^^^^
  File "c:\pythoncode\network_automation\app.py", line 1965, in generate_vlan_commands
    raise ValueError(f'필요한 명령어 템플릿이 없습니다: {str(e)}')
ValueError: 필요한 명령어 템플릿이 없습니다: 'vlan_id'

During handling of the above exception, another exception occurred:

Traceback (most recent call last):
  File "c:\pythoncode\network_automation\app.py", line 1849, in generate_script
    script = generate_config_script(task_type, params, vendor_templates)
             ^^^^^^^^^^^^^^^^^^^^^^^^^^^^^^^^^^^^^^^^^^^^^^^^^^^^^^^^^^^
  File "c:\pythoncode\network_automation\app.py", line 1891, in generate_config_script
    raise ValueError(f'스크립트 생성 오류: {str(e)}')
ValueError: 스크립트 생성 오류: 필요한 명령어 템플릿이 없습니다: 'vlan_id'
2025-03-19 10:17:37,817 [ERROR] 학습 데이터 초기화 오류: Expecting ',' delimiter: line 22 column 9 (char 774)
2025-03-19 10:17:58,521 [ERROR] 벤더 명령어 로드 오류: Expecting ',' delimiter: line 22 column 9 (char 774)
2025-03-19 10:18:07,504 [ERROR] 벤더 명령어 로드 오류: Expecting ',' delimiter: line 22 column 9 (char 774)
